<?xml version="1.0" encoding="UTF-8"?>
<testng-results skipped="0" failed="0" ignored="0" total="1" passed="1">
  <reporter-output>
  </reporter-output>
  <suite name="Default suite" duration-ms="22779" started-at="2019-11-03T12:39:21Z" finished-at="2019-11-03T12:39:44Z">
    <groups>
    </groups>
    <test name="Default test" duration-ms="22779" started-at="2019-11-03T12:39:21Z" finished-at="2019-11-03T12:39:44Z">
      <class name="com.Test.TC_01_Verify_Guest_Able_To_Place_An_Order">
        <test-method status="PASS" signature="addorderintocart()[pri:0, instance:com.Test.TC_01_Verify_Guest_Able_To_Place_An_Order@39aeed2f]" name="addorderintocart" duration-ms="22733" started-at="2019-11-03T12:39:21Z" finished-at="2019-11-03T12:39:44Z">
          <reporter-output>
          </reporter-output>
        </test-method> <!-- addorderintocart -->
      </class> <!-- com.Test.TC_01_Verify_Guest_Able_To_Place_An_Order -->
    </test> <!-- Default test -->
  </suite> <!-- Default suite -->
</testng-results>
